<?xml version="1.0" encoding="UTF-8" standalone="no"?>
<!DOCTYPE log SYSTEM "logger.dtd">
<log>
<record>
  <date>2023-05-13T08:35:57.582769200Z</date>
  <millis>1683966957582</millis>
  <nanos>769200</nanos>
  <sequence>0</sequence>
  <logger>model.Bill</logger>
  <level>INFO</level>
  <class>model.Bill</class>
  <method>calculateBill</method>
  <thread>21</thread>
  <message>Clientul cu numele: Rus Ana-Maria</message>
</record>
<record>
  <date>2023-05-13T08:35:57.596394900Z</date>
  <millis>1683966957596</millis>
  <nanos>394900</nanos>
  <sequence>1</sequence>
  <logger>model.Bill</logger>
  <level>INFO</level>
  <class>model.Bill</class>
  <method>calculateBill</method>
  <thread>21</thread>
  <message>A cumparat: 2 produse</message>
</record>
<record>
  <date>2023-05-13T08:35:57.597392400Z</date>
  <millis>1683966957597</millis>
  <nanos>392400</nanos>
  <sequence>2</sequence>
  <logger>model.Bill</logger>
  <level>INFO</level>
  <class>model.Bill</class>
  <method>calculateBill</method>
  <thread>21</thread>
  <message>Pret/bucata: 20.0</message>
</record>
<record>
  <date>2023-05-13T08:35:57.598389500Z</date>
  <millis>1683966957598</millis>
  <nanos>389500</nanos>
  <sequence>3</sequence>
  <logger>model.Bill</logger>
  <level>INFO</level>
  <class>model.Bill</class>
  <method>calculateBill</method>
  <thread>21</thread>
  <message>Total de plata 40.0</message>
</record>
</log>
